{"/home/andrew/chintai/client-nextjs-boilerplate/components/header.tsx": {"path":"/home/andrew/chintai/client-nextjs-boilerplate/components/header.tsx","statementMap":{"0":{"start":{"line":1,"column":15},"end":{"line":21,"column":1}},"1":{"start":{"line":2,"column":4},"end":{"line":20,"column":6}}},"fnMap":{"0":{"name":"(anonymous_0)","decl":{"start":{"line":1,"column":15},"end":{"line":1,"column":16}},"loc":{"start":{"line":1,"column":21},"end":{"line":21,"column":1}},"line":1}},"branchMap":{},"s":{"0":1,"1":1},"f":{"0":1},"b":{},"_coverageSchema":"1a1c01bbd47fc00a2c39e90264f33305004495a9","hash":"e323c2f66dcf3606f66ec5f9ed69bb084327cb65"}
,"/home/andrew/chintai/client-nextjs-boilerplate/pages/index.tsx": {"path":"/home/andrew/chintai/client-nextjs-boilerplate/pages/index.tsx","statementMap":{"0":{"start":{"line":6,"column":20},"end":{"line":20,"column":1}},"1":{"start":{"line":7,"column":4},"end":{"line":19,"column":6}}},"fnMap":{"0":{"name":"(anonymous_0)","decl":{"start":{"line":6,"column":20},"end":{"line":6,"column":21}},"loc":{"start":{"line":6,"column":26},"end":{"line":20,"column":1}},"line":6}},"branchMap":{},"s":{"0":1,"1":1},"f":{"0":1},"b":{},"_coverageSchema":"1a1c01bbd47fc00a2c39e90264f33305004495a9","hash":"0da2b12b1d28d9e72c1b6dff08b5d2e3fb3a6f37"}
}
